# JRE version: Java(TM) SE Runtime Environment (21.0.5+9) (build 21.0.5+9-LTS-239)
# Java VM: Java HotSpot(TM) 64-Bit Server VM (21.0.5+9-LTS-239, mixed mode, emulated-client, sharing, tiered, compressed oops, compressed class ptrs, g1 gc, bsd-amd64)
GC Precious Log:
 CardTable entry size: 512
 Card Set container configuration: InlinePtr #cards 5 size 8 Array Of Cards #cards 12 size 40 Howl #buckets 4 coarsen threshold 1843 Howl Bitmap #cards 512 size 80 coarsen threshold 460 Card regions per heap region 1 cards per card region 2048
 CPUs: 4 total, 4 available
 Memory: 8192M
 Large Page Support: Disabled
 NUMA Support: Disabled
 Compressed Oops: Enabled (Zero based)
 Heap Region Size: 1M
 Heap Min Capacity: 8M
 Heap Initial Capacity: 128M
 Heap Max Capacity: 2G
 Pre-touch: Disabled
 Parallel Workers: 4
 Concurrent Workers: 1
 Concurrent Refinement Workers: 4
 Periodic GC: Disabled
Heap:
 garbage-first heap   total 102400K, used 89285K [0x0000000780000000, 0x0000000800000000)
  region size 1024K, 61 young (62464K), 8 survivors (8192K)
 Metaspace       used 79790K, committed 80512K, reserved 1179648K
  class space    used 10996K, committed 11328K, reserved 1048576K
GC Heap History (20 events):
Event: 5.538 GC heap after
{Heap after GC invocations=18 (full 0):
 garbage-first heap   total 91136K, used 28967K [0x0000000780000000, 0x0000000800000000)
  region size 1024K, 4 young (4096K), 4 survivors (4096K)
 Metaspace       used 60306K, committed 60928K, reserved 1114112K
  class space    used 8282K, committed 8576K, reserved 1048576K
}
Event: 6.004 GC heap before
{Heap before GC invocations=19 (full 0):
 garbage-first heap   total 91136K, used 79143K [0x0000000780000000, 0x0000000800000000)
  region size 1024K, 53 young (54272K), 4 survivors (4096K)
 Metaspace       used 64715K, committed 65344K, reserved 1114112K
  class space    used 8964K, committed 9280K, reserved 1048576K
}
Event: 6.010 GC heap after
{Heap after GC invocations=20 (full 0):
 garbage-first heap   total 91136K, used 30424K [0x0000000780000000, 0x0000000800000000)
  region size 1024K, 6 young (6144K), 6 survivors (6144K)
 Metaspace       used 64715K, committed 65344K, reserved 1114112K
  class space    used 8964K, committed 9280K, reserved 1048576K
}
Event: 6.492 GC heap before
{Heap before GC invocations=20 (full 0):
 garbage-first heap   total 91136K, used 78552K [0x0000000780000000, 0x0000000800000000)
  region size 1024K, 53 young (54272K), 6 survivors (6144K)
 Metaspace       used 67977K, committed 68736K, reserved 1114112K
  class space    used 9464K, committed 9792K, reserved 1048576K
}
Event: 6.501 GC heap after
{Heap after GC invocations=21 (full 0):
 garbage-first heap   total 109568K, used 33237K [0x0000000780000000, 0x0000000800000000)
  region size 1024K, 6 young (6144K), 6 survivors (6144K)
 Metaspace       used 67977K, committed 68736K, reserved 1114112K
  class space    used 9464K, committed 9792K, reserved 1048576K
}
Event: 21.438 GC heap before
{Heap before GC invocations=21 (full 0):
 garbage-first heap   total 109568K, used 91605K [0x0000000780000000, 0x0000000800000000)
  region size 1024K, 64 young (65536K), 6 survivors (6144K)
 Metaspace       used 73076K, committed 73856K, reserved 1114112K
  class space    used 10131K, committed 10496K, reserved 1048576K
}
Event: 21.488 GC heap after
{Heap after GC invocations=22 (full 0):
 garbage-first heap   total 109568K, used 35509K [0x0000000780000000, 0x0000000800000000)
  region size 1024K, 6 young (6144K), 6 survivors (6144K)
 Metaspace       used 73076K, committed 73856K, reserved 1114112K
  class space    used 10131K, committed 10496K, reserved 1048576K
}
Event: 243.810 GC heap before
{Heap before GC invocations=22 (full 0):
 garbage-first heap   total 109568K, used 93877K [0x0000000780000000, 0x0000000800000000)
  region size 1024K, 64 young (65536K), 6 survivors (6144K)
 Metaspace       used 77023K, committed 77824K, reserved 1179648K
  class space    used 10633K, committed 11008K, reserved 1048576K
}
Event: 243.828 GC heap after
{Heap after GC invocations=23 (full 0):
 garbage-first heap   total 109568K, used 38640K [0x0000000780000000, 0x0000000800000000)
  region size 1024K, 6 young (6144K), 6 survivors (6144K)
 Metaspace       used 77023K, committed 77824K, reserved 1179648K
  class space    used 10633K, committed 11008K, reserved 1048576K
}
Event: 778.288 GC heap before
{Heap before GC invocations=23 (full 0):
 garbage-first heap   total 109568K, used 94960K [0x0000000780000000, 0x0000000800000000)
  region size 1024K, 62 young (63488K), 6 survivors (6144K)
 Metaspace       used 79120K, committed 79872K, reserved 1179648K
  class space    used 10930K, committed 11264K, reserved 1048576K
}
Event: 778.354 GC heap after
{Heap after GC invocations=24 (full 0):
 garbage-first heap   total 109568K, used 38982K [0x0000000780000000, 0x0000000800000000)
  region size 1024K, 4 young (4096K), 4 survivors (4096K)
 Metaspace       used 79120K, committed 79872K, reserved 1179648K
  class space    used 10930K, committed 11264K, reserved 1048576K
}
Event: 1091.727 GC heap before
{Heap before GC invocations=25 (full 0):
 garbage-first heap   total 109568K, used 52294K [0x0000000780000000, 0x0000000800000000)
  region size 1024K, 18 young (18432K), 4 survivors (4096K)
 Metaspace       used 78982K, committed 79936K, reserved 1179648K
  class space    used 10894K, committed 11264K, reserved 1048576K
}
Event: 1091.791 GC heap after
{Heap after GC invocations=26 (full 1):
 garbage-first heap   total 102400K, used 28291K [0x0000000780000000, 0x0000000800000000)
  region size 1024K, 0 young (0K), 0 survivors (0K)
 Metaspace       used 78916K, committed 79936K, reserved 1179648K
  class space    used 10877K, committed 11264K, reserved 1048576K
}
Event: 1092.855 GC heap before
{Heap before GC invocations=26 (full 1):
 garbage-first heap   total 102400K, used 88707K [0x0000000780000000, 0x0000000800000000)
  region size 1024K, 60 young (61440K), 0 survivors (0K)
 Metaspace       used 79351K, committed 80128K, reserved 1179648K
  class space    used 10948K, committed 11328K, reserved 1048576K
}
Event: 1092.870 GC heap after
{Heap after GC invocations=27 (full 1):
 garbage-first heap   total 102400K, used 35820K [0x0000000780000000, 0x0000000800000000)
  region size 1024K, 8 young (8192K), 8 survivors (8192K)
 Metaspace       used 79351K, committed 80128K, reserved 1179648K
  class space    used 10948K, committed 11328K, reserved 1048576K
}
Event: 1163.470 GC heap before
{Heap before GC invocations=28 (full 1):
 garbage-first heap   total 102400K, used 55276K [0x0000000780000000, 0x0000000800000000)
  region size 1024K, 28 young (28672K), 8 survivors (8192K)
 Metaspace       used 79386K, committed 80128K, reserved 1179648K
  class space    used 10953K, committed 11328K, reserved 1048576K
}
Event: 1163.631 GC heap after
{Heap after GC invocations=29 (full 2):
 garbage-first heap   total 102400K, used 30297K [0x0000000780000000, 0x0000000800000000)
  region size 1024K, 0 young (0K), 0 survivors (0K)
 Metaspace       used 79306K, committed 80128K, reserved 1179648K
  class space    used 10934K, committed 11328K, reserved 1048576K
}
Event: 1211.284 GC heap before
{Heap before GC invocations=29 (full 2):
 garbage-first heap   total 102400K, used 88665K [0x0000000780000000, 0x0000000800000000)
  region size 1024K, 58 young (59392K), 0 survivors (0K)
 Metaspace       used 79689K, committed 80384K, reserved 1179648K
  class space    used 11006K, committed 11328K, reserved 1048576K
}
Event: 1211.293 GC heap after
{Heap after GC invocations=30 (full 2):
 garbage-first heap   total 102400K, used 35013K [0x0000000780000000, 0x0000000800000000)
  region size 1024K, 5 young (5120K), 5 survivors (5120K)
 Metaspace       used 79689K, committed 80384K, reserved 1179648K
  class space    used 11006K, committed 11328K, reserved 1048576K
}
Event: 1268.876 GC heap before
{Heap before GC invocations=31 (full 2):
 garbage-first heap   total 102400K, used 88261K [0x0000000780000000, 0x0000000800000000)
  region size 1024K, 58 young (59392K), 5 survivors (5120K)
 Metaspace       used 79790K, committed 80512K, reserved 1179648K
  class space    used 10996K, committed 11328K, reserved 1048576K
}

